This file contains any messages produced by compilers while
running configure, to aid debugging if configure makes a mistake.

configure:529: checking for gcc
configure:642: checking whether the C compiler (arm-brcm-linux-uclibcgnueabi-gcc -O2 -Wall -DLINUX26 -DCONFIG_BCMWL5 -DDEBUG_NOISY -DDEBUG_RCTEST -pipe -DBCMWPA2 -DBCMARM -fno-strict-aliasing -marm -DRTCONFIG_NVRAM_64K -DLINUX_KERNEL_VERSION=132644  -idirafter /home/edward/asuswrt/release/src-rt-9.x/src/linux/linux-2.6.36/include  -DRTCONFIG_VPNC ) works
configure:658: arm-brcm-linux-uclibcgnueabi-gcc -o conftest -O2 -Wall -DLINUX26 -DCONFIG_BCMWL5 -DDEBUG_NOISY -DDEBUG_RCTEST -pipe -DBCMWPA2 -DBCMARM -fno-strict-aliasing -marm -DRTCONFIG_NVRAM_64K -DLINUX_KERNEL_VERSION=132644  -idirafter /home/edward/asuswrt/release/src-rt-9.x/src/linux/linux-2.6.36/include  -DRTCONFIG_VPNC   conftest.c  1>&5
configure:655:1: warning: return type defaults to 'int'
configure:684: checking whether the C compiler (arm-brcm-linux-uclibcgnueabi-gcc -O2 -Wall -DLINUX26 -DCONFIG_BCMWL5 -DDEBUG_NOISY -DDEBUG_RCTEST -pipe -DBCMWPA2 -DBCMARM -fno-strict-aliasing -marm -DRTCONFIG_NVRAM_64K -DLINUX_KERNEL_VERSION=132644  -idirafter /home/edward/asuswrt/release/src-rt-9.x/src/linux/linux-2.6.36/include  -DRTCONFIG_VPNC ) is a cross-compiler
configure:689: checking whether we are using GNU C
configure:717: checking whether arm-brcm-linux-uclibcgnueabi-gcc accepts -g
configure:779: checking for a BSD compatible install
configure:834: checking for ranlib
configure:868: checking host system type
configure:889: checking build system type
configure:915: checking for ar
configure:946: checking for dlopen in -ldl
configure:994: checking how to run the C preprocessor
configure:1074: checking for ANSI C header files
configure:1181: checking for fcntl.h
configure:1181: checking for sys/ioctl.h
configure:1181: checking for sys/time.h
configure:1181: checking for syslog.h
configure:1181: checking for unistd.h
configure:1219: checking for libevent directory
configure:1235: checking for working const
configure:1310: checking for pid_t
configure:1343: checking for size_t
configure:1376: checking whether time.h and sys/time.h may both be included
configure:1413: checking whether arm-brcm-linux-uclibcgnueabi-gcc needs -traditional
configure:1459: checking for 8-bit clean memcmp
configure:1495: checking return type of signal handlers
configure:1536: checking for vprintf
configure:1643: checking for gethostname
configure:1643: checking for gettimeofday
configure:1643: checking for socket
configure:1643: checking for strdup
configure:1643: checking for strerror
configure:1643: checking for strtol
